<?xml version="1.0" encoding="UTF-8"?>
<testsuite name="calculator.CalculatorSoap TestSuite" tests="1" failures="0" errors="0" time="0.174"><properties><property name="java.specification.version" value="16"/><property name="sun.cpu.isalist" value="amd64"/><property name="sun.jnu.encoding" value="Cp1252"/><property name="java.class.path" value="c:\Users\gjacopin\AppData\Local\Programs\SmartBear\SoapUI-5.7.0\bin\soapui-5.7.0.jar;c:\Users\gjacopin\AppData\Local\Programs\SmartBear\SoapUI-5.7.0\bin\..\lib\accessors-smart-1.2.jar;c:\Users\gjacopin\AppData\Local\Programs\SmartBear\SoapUI-5.7.0\bin\..\lib\activation-1.1.jar;c:\Users\gjacopin\AppData\Local\Programs\SmartBear\SoapUI-5.7.0\bin\..\lib\analytics-core-5.5.3.jar;c:\Users\gjacopin\AppData\Local\Programs\SmartBear\SoapUI-5.7.0\bin\..\lib\animal-sniffer-annotations-1.11.jar;c:\Users\gjacopin\AppData\Local\Programs\SmartBear\SoapUI-5.7.0\bin\..\lib\ant-1.10.8.jar;c:\Users\gjacopin\AppData\Local\Programs\SmartBear\SoapUI-5.7.0\bin\..\lib\ant-antlr-1.10.8.jar;c:\Users\gjacopin\AppData\Local\Programs\SmartBear\SoapUI-5.7.0\bin\..\lib\ant-junit-1.10.8.jar;c:\Users\gjacopin\AppData\Local\Programs\SmartBear\SoapUI-5.7.0\bin\..\lib\ant-launcher-1.10.8.jar;c:\Users\gjacopin\AppData\Local\Programs\SmartBear\SoapUI-5.7.0\bin\..\lib\antlr4-runtime-4.9.2.jar;c:\Users\gjacopin\AppData\Local\Programs\SmartBear\SoapUI-5.7.0\bin\..\lib\aopalliance-repackaged-2.6.1.jar;c:\Users\gjacopin\AppData\Local\Programs\SmartBear\SoapUI-5.7.0\bin\..\lib\bcprov-jdk15on-1.64.jar;c:\Users\gjacopin\AppData\Local\Programs\SmartBear\SoapUI-5.7.0\bin\..\lib\binding-2.0.1.jar;c:\Users\gjacopin\AppData\Local\Programs\SmartBear\SoapUI-5.7.0\bin\..\lib\btf-1.2.jar;c:\Users\gjacopin\AppData\Local\Programs\SmartBear\SoapUI-5.7.0\bin\..\lib\cal10n-api-0.8.1.jar;c:\Users\gjacopin\AppData\Local\Programs\SmartBear\SoapUI-5.7.0\bin\..\lib\commons-beanutils-1.9.4.jar;c:\Users\gjacopin\AppData\Local\Programs\SmartBear\SoapUI-5.7.0\bin\..\lib\commons-cli-1.2.jar;c:\Users\gjacopin\AppData\Local\Programs\SmartBear\SoapUI-5.7.0\bin\..\lib\commons-codec-1.10.jar;c:\Users\gjacopin\AppData\Local\Programs\SmartBear\SoapUI-5.7.0\bin\..\lib\commons-collections-3.2.2.jar;c:\Users\gjacopin\AppData\Local\Programs\SmartBear\SoapUI-5.7.0\bin\..\lib\commons-csv-1.1.jar;c:\Users\gjacopin\AppData\Local\Programs\SmartBear\SoapUI-5.7.0\bin\..\lib\commons-fileupload-1.4.jar;c:\Users\gjacopin\AppData\Local\Programs\SmartBear\SoapUI-5.7.0\bin\..\lib\commons-httpclient-3.1.jar;c:\Users\gjacopin\AppData\Local\Programs\SmartBear\SoapUI-5.7.0\bin\..\lib\commons-io-2.4.jar;c:\Users\gjacopin\AppData\Local\Programs\SmartBear\SoapUI-5.7.0\bin\..\lib\commons-lang-2.4.jar;c:\Users\gjacopin\AppData\Local\Programs\SmartBear\SoapUI-5.7.0\bin\..\lib\commons-lang3-3.4.jar;c:\Users\gjacopin\AppData\Local\Programs\SmartBear\SoapUI-5.7.0\bin\..\lib\commons-logging-1.1.1.jar;c:\Users\gjacopin\AppData\Local\Programs\SmartBear\SoapUI-5.7.0\bin\..\lib\cssparser-0.9.5.jar;c:\Users\gjacopin\AppData\Local\Programs\SmartBear\SoapUI-5.7.0\bin\..\lib\dom4j-1.6.1.jar;c:\Users\gjacopin\AppData\Local\Programs\SmartBear\SoapUI-5.7.0\bin\..\lib\ezmorph-1.0.5.jar;c:\Users\gjacopin\AppData\Local\Programs\SmartBear\SoapUI-5.7.0\bin\..\lib\FastInfoset-1.2.16.jar;c:\Users\gjacopin\AppData\Local\Programs\SmartBear\SoapUI-5.7.0\bin\..\lib\flex-messaging-common-1.0.jar;c:\Users\gjacopin\AppData\Local\Programs\SmartBear\SoapUI-5.7.0\bin\..\lib\flex-messaging-core-1.0.jar;c:\Users\gjacopin\AppData\Local\Programs\SmartBear\SoapUI-5.7.0\bin\..\lib\flex-messaging-opt-1.0.jar;c:\Users\gjacopin\AppData\Local\Programs\SmartBear\SoapUI-5.7.0\bin\..\lib\flex-messaging-proxy-1.0.jar;c:\Users\gjacopin\AppData\Local\Programs\SmartBear\SoapUI-5.7.0\bin\..\lib\flex-messaging-remoting-1.0.jar;c:\Users\gjacopin\AppData\Local\Programs\SmartBear\SoapUI-5.7.0\bin\..\lib\forms-1.0.7.jar;c:\Users\gjacopin\AppData\Local\Programs\SmartBear\SoapUI-5.7.0\bin\..\lib\google-http-client-1.21.0.jar;c:\Users\gjacopin\AppData\Local\Programs\SmartBear\SoapUI-5.7.0\bin\..\lib\google-oauth-client-1.21.0.jar;c:\Users\gjacopin\AppData\Local\Programs\SmartBear\SoapUI-5.7.0\bin\..\lib\graphql-java-17.3.jar;c:\Users\gjacopin\AppData\Local\Programs\SmartBear\SoapUI-5.7.0\bin\..\lib\groovy-3.0.6.jar;c:\Users\gjacopin\AppData\Local\Programs\SmartBear\SoapUI-5.7.0\bin\..\lib\groovy-ant-3.0.6.jar;c:\Users\gjacopin\AppData\Local\Programs\SmartBear\SoapUI-5.7.0\bin\..\lib\groovy-astbuilder-3.0.6.jar;c:\Users\gjacopin\AppData\Local\Programs\SmartBear\SoapUI-5.7.0\bin\..\lib\groovy-cli-picocli-3.0.6.jar;c:\Users\gjacopin\AppData\Local\Programs\SmartBear\SoapUI-5.7.0\bin\..\lib\groovy-console-3.0.6.jar;c:\Users\gjacopin\AppData\Local\Programs\SmartBear\SoapUI-5.7.0\bin\..\lib\groovy-datetime-3.0.6.jar;c:\Users\gjacopin\AppData\Local\Programs\SmartBear\SoapUI-5.7.0\bin\..\lib\groovy-dateutil-3.0.6.jar;c:\Users\gjacopin\AppData\Local\Programs\SmartBear\SoapUI-5.7.0\bin\..\lib\groovy-docgenerator-3.0.6.jar;c:\Users\gjacopin\AppData\Local\Programs\SmartBear\SoapUI-5.7.0\bin\..\lib\groovy-groovydoc-3.0.6.jar;c:\Users\gjacopin\AppData\Local\Programs\SmartBear\SoapUI-5.7.0\bin\..\lib\groovy-groovysh-3.0.6.jar;c:\Users\gjacopin\AppData\Local\Programs\SmartBear\SoapUI-5.7.0\bin\..\lib\groovy-jmx-3.0.6.jar;c:\Users\gjacopin\AppData\Local\Programs\SmartBear\SoapUI-5.7.0\bin\..\lib\groovy-json-3.0.6.jar;c:\Users\gjacopin\AppData\Local\Programs\SmartBear\SoapUI-5.7.0\bin\..\lib\groovy-jsr223-3.0.6.jar;c:\Users\gjacopin\AppData\Local\Programs\SmartBear\SoapUI-5.7.0\bin\..\lib\groovy-macro-3.0.6.jar;c:\Users\gjacopin\AppData\Local\Programs\SmartBear\SoapUI-5.7.0\bin\..\lib\groovy-nio-3.0.6.jar;c:\Users\gjacopin\AppData\Local\Programs\SmartBear\SoapUI-5.7.0\bin\..\lib\groovy-servlet-3.0.6.jar;c:\Users\gjacopin\AppData\Local\Programs\SmartBear\SoapUI-5.7.0\bin\..\lib\groovy-sql-3.0.6.jar;c:\Users\gjacopin\AppData\Local\Programs\SmartBear\SoapUI-5.7.0\bin\..\lib\groovy-swing-3.0.6.jar;c:\Users\gjacopin\AppData\Local\Programs\SmartBear\SoapUI-5.7.0\bin\..\lib\groovy-templates-3.0.6.jar;c:\Users\gjacopin\AppData\Local\Programs\SmartBear\SoapUI-5.7.0\bin\..\lib\groovy-test-3.0.6.jar;c:\Users\gjacopin\AppData\Local\Programs\SmartBear\SoapUI-5.7.0\bin\..\lib\groovy-test-junit5-3.0.6.jar;c:\Users\gjacopin\AppData\Local\Programs\SmartBear\SoapUI-5.7.0\bin\..\lib\groovy-testng-3.0.6.jar;c:\Users\gjacopin\AppData\Local\Programs\SmartBear\SoapUI-5.7.0\bin\..\lib\groovy-xml-3.0.6.jar;c:\Users\gjacopin\AppData\Local\Programs\SmartBear\SoapUI-5.7.0\bin\..\lib\guava-14.0.jar;c:\Users\gjacopin\AppData\Local\Programs\SmartBear\SoapUI-5.7.0\bin\..\lib\hamcrest-core-1.3.jar;c:\Users\gjacopin\AppData\Local\Programs\SmartBear\SoapUI-5.7.0\bin\..\lib\hermes-1.14.jar;c:\Users\gjacopin\AppData\Local\Programs\SmartBear\SoapUI-5.7.0\bin\..\lib\hk2-api-2.6.1.jar;c:\Users\gjacopin\AppData\Local\Programs\SmartBear\SoapUI-5.7.0\bin\..\lib\hk2-locator-2.6.1.jar;c:\Users\gjacopin\AppData\Local\Programs\SmartBear\SoapUI-5.7.0\bin\..\lib\hk2-utils-2.6.1.jar;c:\Users\gjacopin\AppData\Local\Programs\SmartBear\SoapUI-5.7.0\bin\..\lib\htmlunit-2.7.jar;c:\Users\gjacopin\AppData\Local\Programs\SmartBear\SoapUI-5.7.0\bin\..\lib\htmlunit-core-js-2.7.jar;c:\Users\gjacopin\AppData\Local\Programs\SmartBear\SoapUI-5.7.0\bin\..\lib\httpclient-4.5.5.jar;c:\Users\gjacopin\AppData\Local\Programs\SmartBear\SoapUI-5.7.0\bin\..\lib\httpclient-cache-4.5.5.jar;c:\Users\gjacopin\AppData\Local\Programs\SmartBear\SoapUI-5.7.0\bin\..\lib\httpcore-4.4.9.jar;c:\Users\gjacopin\AppData\Local\Programs\SmartBear\SoapUI-5.7.0\bin\..\lib\httpcore-nio-4.4.9.jar;c:\Users\gjacopin\AppData\Local\Programs\SmartBear\SoapUI-5.7.0\bin\..\lib\httpmime-4.5.5.jar;c:\Users\gjacopin\AppData\Local\Programs\SmartBear\SoapUI-5.7.0\bin\..\lib\i4jruntime-5.1.14.jar;c:\Users\gjacopin\AppData\Local\Programs\SmartBear\SoapUI-5.7.0\bin\..\lib\istack-commons-runtime-3.0.8.jar;c:\Users\gjacopin\AppData\Local\Programs\SmartBear\SoapUI-5.7.0\bin\..\lib\jackson-annotations-2.13.0.jar;c:\Users\gjacopin\AppData\Local\Programs\SmartBear\SoapUI-5.7.0\bin\..\lib\jackson-core-2.13.0.jar;c:\Users\gjacopin\AppData\Local\Programs\SmartBear\SoapUI-5.7.0\bin\..\lib\jackson-coreutils-1.8.jar;c:\Users\gjacopin\AppData\Local\Programs\SmartBear\SoapUI-5.7.0\bin\..\lib\jackson-databind-2.13.0.jar;c:\Users\gjacopin\AppData\Local\Programs\SmartBear\SoapUI-5.7.0\bin\..\lib\jackson-dataformat-xml-2.10.1.jar;c:\Users\gjacopin\AppData\Local\Programs\SmartBear\SoapUI-5.7.0\bin\..\lib\jackson-dataformat-yaml-2.11.1.jar;c:\Users\gjacopin\AppData\Local\Programs\SmartBear\SoapUI-5.7.0\bin\..\lib\jackson-datatype-joda-2.10.1.jar;c:\Users\gjacopin\AppData\Local\Programs\SmartBear\SoapUI-5.7.0\bin\..\lib\jackson-jaxrs-base-2.10.1.jar;c:\Users\gjacopin\AppData\Local\Programs\SmartBear\SoapUI-5.7.0\bin\..\lib\jackson-jaxrs-json-provider-2.10.1.jar;c:\Users\gjacopin\AppData\Local\Programs\SmartBear\SoapUI-5.7.0\bin\..\lib\jackson-jaxrs-xml-provider-2.10.1.jar;c:\Users\gjacopin\AppData\Local\Programs\SmartBear\SoapUI-5.7.0\bin\..\lib\jackson-module-jaxb-annotations-2.10.1.jar;c:\Users\gjacopin\AppData\Local\Programs\SmartBear\SoapUI-5.7.0\bin\..\lib\jakarta.activation-1.2.1.jar;c:\Users\gjacopin\AppData\Local\Programs\SmartBear\SoapUI-5.7.0\bin\..\lib\jakarta.activation-api-1.2.1.jar;c:\Users\gjacopin\AppData\Local\Programs\SmartBear\SoapUI-5.7.0\bin\..\lib\jakarta.annotation-api-1.3.5.jar;c:\Users\gjacopin\AppData\Local\Programs\SmartBear\SoapUI-5.7.0\bin\..\lib\jakarta.inject-2.6.1.jar;c:\Users\gjacopin\AppData\Local\Programs\SmartBear\SoapUI-5.7.0\bin\..\lib\jakarta.validation-api-2.0.2.jar;c:\Users\gjacopin\AppData\Local\Programs\SmartBear\SoapUI-5.7.0\bin\..\lib\jakarta.ws.rs-api-2.1.6.jar;c:\Users\gjacopin\AppData\Local\Programs\SmartBear\SoapUI-5.7.0\bin\..\lib\jakarta.xml.bind-api-2.3.2.jar;c:\Users\gjacopin\AppData\Local\Programs\SmartBear\SoapUI-5.7.0\bin\..\lib\java-dataloader-3.1.0.jar;c:\Users\gjacopin\AppData\Local\Programs\SmartBear\SoapUI-5.7.0\bin\..\lib\javafx-base-16-win.jar;c:\Users\gjacopin\AppData\Local\Programs\SmartBear\SoapUI-5.7.0\bin\..\lib\javafx-base-16.jar;c:\Users\gjacopin\AppData\Local\Programs\SmartBear\SoapUI-5.7.0\bin\..\lib\javafx-controls-16-win.jar;c:\Users\gjacopin\AppData\Local\Programs\SmartBear\SoapUI-5.7.0\bin\..\lib\javafx-controls-16.jar;c:\Users\gjacopin\AppData\Local\Programs\SmartBear\SoapUI-5.7.0\bin\..\lib\javafx-graphics-16-win.jar;c:\Users\gjacopin\AppData\Local\Programs\SmartBear\SoapUI-5.7.0\bin\..\lib\javafx-graphics-16.jar;c:\Users\gjacopin\AppData\Local\Programs\SmartBear\SoapUI-5.7.0\bin\..\lib\javafx-media-16-win.jar;c:\Users\gjacopin\AppData\Local\Programs\SmartBear\SoapUI-5.7.0\bin\..\lib\javafx-media-16.jar;c:\Users\gjacopin\AppData\Local\Programs\SmartBear\SoapUI-5.7.0\bin\..\lib\javafx-swing-16-win.jar;c:\Users\gjacopin\AppData\Local\Programs\SmartBear\SoapUI-5.7.0\bin\..\lib\javafx-web-16-win.jar;c:\Users\gjacopin\AppData\Local\Programs\SmartBear\SoapUI-5.7.0\bin\..\lib\javaparser-core-3.16.1.jar;c:\Users\gjacopin\AppData\Local\Programs\SmartBear\SoapUI-5.7.0\bin\..\lib\javassist-3.16.1-GA.jar;c:\Users\gjacopin\AppData\Local\Programs\SmartBear\SoapUI-5.7.0\bin\..\lib\jaxb-runtime-2.3.2.jar;c:\Users\gjacopin\AppData\Local\Programs\SmartBear\SoapUI-5.7.0\bin\..\lib\jaxen-1.1-beta-8.jar;c:\Users\gjacopin\AppData\Local\Programs\SmartBear\SoapUI-5.7.0\bin\..\lib\jcifs-1.2.9.jar;c:\Users\gjacopin\AppData\Local\Programs\SmartBear\SoapUI-5.7.0\bin\..\lib\jcommander-1.78.jar;c:\Users\gjacopin\AppData\Local\Programs\SmartBear\SoapUI-5.7.0\bin\..\lib\jdom-1.0.jar;c:\Users\gjacopin\AppData\Local\Programs\SmartBear\SoapUI-5.7.0\bin\..\lib\jersey-client-2.29.1.jar;c:\Users\gjacopin\AppData\Local\Programs\SmartBear\SoapUI-5.7.0\bin\..\lib\jersey-common-2.29.1.jar;c:\Users\gjacopin\AppData\Local\Programs\SmartBear\SoapUI-5.7.0\bin\..\lib\jersey-container-servlet-core-2.29.1.jar;c:\Users\gjacopin\AppData\Local\Programs\SmartBear\SoapUI-5.7.0\bin\..\lib\jersey-hk2-2.29.1.jar;c:\Users\gjacopin\AppData\Local\Programs\SmartBear\SoapUI-5.7.0\bin\..\lib\jersey-media-jaxb-2.29.1.jar;c:\Users\gjacopin\AppData\Local\Programs\SmartBear\SoapUI-5.7.0\bin\..\lib\jersey-media-multipart-2.29.1.jar;c:\Users\gjacopin\AppData\Local\Programs\SmartBear\SoapUI-5.7.0\bin\..\lib\jersey-server-2.29.1.jar;c:\Users\gjacopin\AppData\Local\Programs\SmartBear\SoapUI-5.7.0\bin\..\lib\jettison-1.2.jar;c:\Users\gjacopin\AppData\Local\Programs\SmartBear\SoapUI-5.7.0\bin\..\lib\jetty-6.1.26.jar;c:\Users\gjacopin\AppData\Local\Programs\SmartBear\SoapUI-5.7.0\bin\..\lib\jetty-util-6.1.26.jar;c:\Users\gjacopin\AppData\Local\Programs\SmartBear\SoapUI-5.7.0\bin\..\lib\jline-2.14.6.jar;c:\Users\gjacopin\AppData\Local\Programs\SmartBear\SoapUI-5.7.0\bin\..\lib\jms-1.1.jar;c:\Users\gjacopin\AppData\Local\Programs\SmartBear\SoapUI-5.7.0\bin\..\lib\joda-time-2.9.9.jar;c:\Users\gjacopin\AppData\Local\Programs\SmartBear\SoapUI-5.7.0\bin\..\lib\jopt-simple-5.0.3.jar;c:\Users\gjacopin\AppData\Local\Programs\SmartBear\SoapUI-5.7.0\bin\..\lib\js-1.7R2.jar;c:\Users\gjacopin\AppData\Local\Programs\SmartBear\SoapUI-5.7.0\bin\..\lib\json-20090211.jar;c:\Users\gjacopin\AppData\Local\Programs\SmartBear\SoapUI-5.7.0\bin\..\lib\json-lib-2.2.2-jdk15.jar;c:\Users\gjacopin\AppData\Local\Programs\SmartBear\SoapUI-5.7.0\bin\..\lib\json-path-2.4.0-fixed.jar;c:\Users\gjacopin\AppData\Local\Programs\SmartBear\SoapUI-5.7.0\bin\..\lib\json-schema-core-1.2.8.jar;c:\Users\gjacopin\AppData\Local\Programs\SmartBear\SoapUI-5.7.0\bin\..\lib\json-schema-validator-2.2.8.jar;c:\Users\gjacopin\AppData\Local\Programs\SmartBear\SoapUI-5.7.0\bin\..\lib\json-smart-2.3.jar;c:\Users\gjacopin\AppData\Local\Programs\SmartBear\SoapUI-5.7.0\bin\..\lib\jsr173_api-1.0.jar;c:\Users\gjacopin\AppData\Local\Programs\SmartBear\SoapUI-5.7.0\bin\..\lib\jsr305-1.3.9.jar;c:\Users\gjacopin\AppData\Local\Programs\SmartBear\SoapUI-5.7.0\bin\..\lib\jtidy-r872-jdk15.jar;c:\Users\gjacopin\AppData\Local\Programs\SmartBear\SoapUI-5.7.0\bin\..\lib\junit-4.13.1.jar;c:\Users\gjacopin\AppData\Local\Programs\SmartBear\SoapUI-5.7.0\bin\..\lib\junit-jupiter-api-5.7.0.jar;c:\Users\gjacopin\AppData\Local\Programs\SmartBear\SoapUI-5.7.0\bin\..\lib\junit-jupiter-engine-5.7.0.jar;c:\Users\gjacopin\AppData\Local\Programs\SmartBear\SoapUI-5.7.0\bin\..\lib\junit-platform-commons-1.7.0.jar;c:\Users\gjacopin\AppData\Local\Programs\SmartBear\SoapUI-5.7.0\bin\..\lib\junit-platform-engine-1.7.0.jar;c:\Users\gjacopin\AppData\Local\Programs\SmartBear\SoapUI-5.7.0\bin\..\lib\junit-platform-launcher-1.7.0.jar;c:\Users\gjacopin\AppData\Local\Programs\SmartBear\SoapUI-5.7.0\bin\..\lib\l2fprod-common-directorychooser-7.3.jar;c:\Users\gjacopin\AppData\Local\Programs\SmartBear\SoapUI-5.7.0\bin\..\lib\l2fprod-common-fontchooser-7.3.jar;c:\Users\gjacopin\AppData\Local\Programs\SmartBear\SoapUI-5.7.0\bin\..\lib\libphonenumber-8.0.0.jar;c:\Users\gjacopin\AppData\Local\Programs\SmartBear\SoapUI-5.7.0\bin\..\lib\log4j-api-2.17.1.jar;c:\Users\gjacopin\AppData\Local\Programs\SmartBear\SoapUI-5.7.0\bin\..\lib\log4j-core-2.17.1.jar;c:\Users\gjacopin\AppData\Local\Programs\SmartBear\SoapUI-5.7.0\bin\..\lib\log4j-slf4j-impl-2.17.1.jar;c:\Users\gjacopin\AppData\Local\Programs\SmartBear\SoapUI-5.7.0\bin\..\lib\looks-2.2.0.jar;c:\Users\gjacopin\AppData\Local\Programs\SmartBear\SoapUI-5.7.0\bin\..\lib\mail-1.4.jar;c:\Users\gjacopin\AppData\Local\Programs\SmartBear\SoapUI-5.7.0\bin\..\lib\mailapi-1.4.3.jar;c:\Users\gjacopin\AppData\Local\Programs\SmartBear\SoapUI-5.7.0\bin\..\lib\maven-plugin-api-2.0.jar;c:\Users\gjacopin\AppData\Local\Programs\SmartBear\SoapUI-5.7.0\bin\..\lib\miglayout-core-11.0.jar;c:\Users\gjacopin\AppData\Local\Programs\SmartBear\SoapUI-5.7.0\bin\..\lib\miglayout-swing-11.0.jar;c:\Users\gjacopin\AppData\Local\Programs\SmartBear\SoapUI-5.7.0\bin\..\lib\mimepull-1.9.11.jar;c:\Users\gjacopin\AppData\Local\Programs\SmartBear\SoapUI-5.7.0\bin\..\lib\mixpanel-java-1.4.4.jar;c:\Users\gjacopin\AppData\Local\Programs\SmartBear\SoapUI-5.7.0\bin\..\lib\msg-simple-1.1.jar;c:\Users\gjacopin\AppData\Local\Programs\SmartBear\SoapUI-5.7.0\bin\..\lib\nekohtml-1.9.14.jar;c:\Users\gjacopin\AppData\Local\Programs\SmartBear\SoapUI-5.7.0\bin\..\lib\not-going-to-be-commons-ssl-0.3.20.jar;c:\Users\gjacopin\AppData\Local\Programs\SmartBear\SoapUI-5.7.0\bin\..\lib\opensaml-2.5.1-1.jar;c:\Users\gjacopin\AppData\Local\Programs\SmartBear\SoapUI-5.7.0\bin\..\lib\opentest4j-1.2.0.jar;c:\Users\gjacopin\AppData\Local\Programs\SmartBear\SoapUI-5.7.0\bin\..\lib\openws-1.4.2-1.jar;c:\Users\gjacopin\AppData\Local\Programs\SmartBear\SoapUI-5.7.0\bin\..\lib\org.apache.oltu.oauth2.client-0.31.jar;c:\Users\gjacopin\AppData\Local\Programs\SmartBear\SoapUI-5.7.0\bin\..\lib\org.apache.oltu.oauth2.common-0.31.jar;c:\Users\gjacopin\AppData\Local\Programs\SmartBear\SoapUI-5.7.0\bin\..\lib\org.apache.oltu.oauth2.httpclient4-0.31.jar;c:\Users\gjacopin\AppData\Local\Programs\SmartBear\SoapUI-5.7.0\bin\..\lib\osgi-resource-locator-1.0.3.jar;c:\Users\gjacopin\AppData\Local\Programs\SmartBear\SoapUI-5.7.0\bin\..\lib\out-app-analytics-provider-5.5.3.jar;c:\Users\gjacopin\AppData\Local\Programs\SmartBear\SoapUI-5.7.0\bin\..\lib\picocli-4.5.1.jar;c:\Users\gjacopin\AppData\Local\Programs\SmartBear\SoapUI-5.7.0\bin\..\lib\proxy-vole-20131209.jar;c:\Users\gjacopin\AppData\Local\Programs\SmartBear\SoapUI-5.7.0\bin\..\lib\qdox-1.12.1.jar;c:\Users\gjacopin\AppData\Local\Programs\SmartBear\SoapUI-5.7.0\bin\..\lib\reactive-streams-1.0.2.jar;c:\Users\gjacopin\AppData\Local\Programs\SmartBear\SoapUI-5.7.0\bin\..\lib\reflections-0.9.9-RC1.jar;c:\Users\gjacopin\AppData\Local\Programs\SmartBear\SoapUI-5.7.0\bin\..\lib\rhino-1.7R4.jar;c:\Users\gjacopin\AppData\Local\Programs\SmartBear\SoapUI-5.7.0\bin\..\lib\rsyntaxtextarea-2.5.0.jar;c:\Users\gjacopin\AppData\Local\Programs\SmartBear\SoapUI-5.7.0\bin\..\lib\sac-1.3.jar;c:\Users\gjacopin\AppData\Local\Programs\SmartBear\SoapUI-5.7.0\bin\..\lib\saxon-9.1.0.8j.jar;c:\Users\gjacopin\AppData\Local\Programs\SmartBear\SoapUI-5.7.0\bin\..\lib\saxon-9.jar;c:\Users\gjacopin\AppData\Local\Programs\SmartBear\SoapUI-5.7.0\bin\..\lib\saxon-dom-9.1.0.8j.jar;c:\Users\gjacopin\AppData\Local\Programs\SmartBear\SoapUI-5.7.0\bin\..\lib\serializer-2.7.2.jar;c:\Users\gjacopin\AppData\Local\Programs\SmartBear\SoapUI-5.7.0\bin\..\lib\servlet-api-2.5-20081211.jar;c:\Users\gjacopin\AppData\Local\Programs\SmartBear\SoapUI-5.7.0\bin\..\lib\slf4j-api-1.7.25.jar;c:\Users\gjacopin\AppData\Local\Programs\SmartBear\SoapUI-5.7.0\bin\..\lib\slf4j-ext-1.7.22.jar;c:\Users\gjacopin\AppData\Local\Programs\SmartBear\SoapUI-5.7.0\bin\..\lib\snakeyaml-1.26.jar;c:\Users\gjacopin\AppData\Local\Programs\SmartBear\SoapUI-5.7.0\bin\..\lib\stax-ex-1.8.1.jar;c:\Users\gjacopin\AppData\Local\Programs\SmartBear\SoapUI-5.7.0\bin\..\lib\stax2-api-3.1.4.jar;c:\Users\gjacopin\AppData\Local\Programs\SmartBear\SoapUI-5.7.0\bin\..\lib\swagger-annotations-1.6.2.jar;c:\Users\gjacopin\AppData\Local\Programs\SmartBear\SoapUI-5.7.0\bin\..\lib\swagger-core-1.6.2.jar;c:\Users\gjacopin\AppData\Local\Programs\SmartBear\SoapUI-5.7.0\bin\..\lib\swagger-inflector-1.0.19.jar;c:\Users\gjacopin\AppData\Local\Programs\SmartBear\SoapUI-5.7.0\bin\..\lib\swagger-jaxrs-1.6.0.jar;c:\Users\gjacopin\AppData\Local\Programs\SmartBear\SoapUI-5.7.0\bin\..\lib\swagger-jersey2-jaxrs-1.6.0.jar;c:\Users\gjacopin\AppData\Local\Programs\SmartBear\SoapUI-5.7.0\bin\..\lib\swagger-models-1.6.2.jar;c:\Users\gjacopin\AppData\Local\Programs\SmartBear\SoapUI-5.7.0\bin\..\lib\swagger-parser-1.0.54.jar;c:\Users\gjacopin\AppData\Local\Programs\SmartBear\SoapUI-5.7.0\bin\..\lib\swingx-soapui.jar;c:\Users\gjacopin\AppData\Local\Programs\SmartBear\SoapUI-5.7.0\bin\..\lib\testng-7.3.0.jar;c:\Users\gjacopin\AppData\Local\Programs\SmartBear\SoapUI-5.7.0\bin\..\lib\txw2-2.3.2.jar;c:\Users\gjacopin\AppData\Local\Programs\SmartBear\SoapUI-5.7.0\bin\..\lib\uri-template-0.9.jar;c:\Users\gjacopin\AppData\Local\Programs\SmartBear\SoapUI-5.7.0\bin\..\lib\woodstox-core-5.0.3.jar;c:\Users\gjacopin\AppData\Local\Programs\SmartBear\SoapUI-5.7.0\bin\..\lib\ws-commons-util-1.0.2.jar;c:\Users\gjacopin\AppData\Local\Programs\SmartBear\SoapUI-5.7.0\bin\..\lib\wsdl4j-1.6.2-fixed.jar;c:\Users\gjacopin\AppData\Local\Programs\SmartBear\SoapUI-5.7.0\bin\..\lib\wss4j-1.6.17.jar;c:\Users\gjacopin\AppData\Local\Programs\SmartBear\SoapUI-5.7.0\bin\..\lib\xalan-2.7.2.jar;c:\Users\gjacopin\AppData\Local\Programs\SmartBear\SoapUI-5.7.0\bin\..\lib\xercesImpl-2.12.0.jar;c:\Users\gjacopin\AppData\Local\Programs\SmartBear\SoapUI-5.7.0\bin\..\lib\xml-apis-1.4.01.jar;c:\Users\gjacopin\AppData\Local\Programs\SmartBear\SoapUI-5.7.0\bin\..\lib\xml-apis-2.9.1.jar;c:\Users\gjacopin\AppData\Local\Programs\SmartBear\SoapUI-5.7.0\bin\..\lib\xmlbeans-3.1.1-sb-fixed.jar;c:\Users\gjacopin\AppData\Local\Programs\SmartBear\SoapUI-5.7.0\bin\..\lib\xmlbeans-xpath-2.6.0.jar;c:\Users\gjacopin\AppData\Local\Programs\SmartBear\SoapUI-5.7.0\bin\..\lib\xmlParserAPIs-2.6.2.jar;c:\Users\gjacopin\AppData\Local\Programs\SmartBear\SoapUI-5.7.0\bin\..\lib\xmlpull-1.1.3.1.jar;c:\Users\gjacopin\AppData\Local\Programs\SmartBear\SoapUI-5.7.0\bin\..\lib\xmlsec-2.1.7.jar;c:\Users\gjacopin\AppData\Local\Programs\SmartBear\SoapUI-5.7.0\bin\..\lib\xmltooling-1.3.2-1.jar;c:\Users\gjacopin\AppData\Local\Programs\SmartBear\SoapUI-5.7.0\bin\..\lib\xmlunit-1.2.jar;c:\Users\gjacopin\AppData\Local\Programs\SmartBear\SoapUI-5.7.0\bin\..\lib\xom-1.1.jar;c:\Users\gjacopin\AppData\Local\Programs\SmartBear\SoapUI-5.7.0\bin\..\lib\xpp3_min-1.1.4c.jar;c:\Users\gjacopin\AppData\Local\Programs\SmartBear\SoapUI-5.7.0\bin\..\lib\xstream-1.4.13.jar;c:\Users\gjacopin\AppData\Local\Programs\SmartBear\SoapUI-5.7.0\jre\lib\jfxrt.jar"/><property name="sun.awt.enableExtraMouseButtons" value="true"/><property name="java.vm.vendor" value="Oracle Corporation"/><property name="sun.arch.data.model" value="64"/><property name="user.variant" value=""/><property name="java.vendor.url" value="https://java.oracle.com/"/><property name="log4j2.formatMsgNoLookups" value="true"/><property name="user.timezone" value="Europe/Paris"/><property name="java.vm.specification.version" value="16"/><property name="os.name" value="Windows 10"/><property name="sun.java.launcher" value="SUN_STANDARD"/><property name="user.country" value="FR"/><property name="sun.boot.library.path" value="c:\Users\gjacopin\AppData\Local\Programs\SmartBear\SoapUI-5.7.0\jre\bin"/><property name="sun.java.command" value="com.eviware.soapui.tools.SoapUITestCaseRunner -j -c Add TestCase calculator-soapui-project.xml"/><property name="jdk.debug" value="release"/><property name="sun.cpu.endian" value="little"/><property name="user.home" value="C:\Users\gjacopin"/><property name="user.language" value="fr"/><property name="sun.stderr.encoding" value="cp850"/><property name="java.specification.vendor" value="Oracle Corporation"/><property name="soapui.home" value="c:\Users\gjacopin\AppData\Local\Programs\SmartBear\SoapUI-5.7.0\bin\"/><property name="java.version.date" value="2021-04-20"/><property name="java.home" value="c:\Users\gjacopin\AppData\Local\Programs\SmartBear\SoapUI-5.7.0\jre"/><property name="file.separator" value="\"/><property name="java.vm.compressedOopsMode" value="32-bit"/><property name="line.separator" value="
"/><property name="sun.stdout.encoding" value="cp850"/><property name="java.vm.specification.vendor" value="Oracle Corporation"/><property name="java.specification.name" value="Java Platform API Specification"/><property name="soapui.ext.listeners" value="c:\Users\gjacopin\AppData\Local\Programs\SmartBear\SoapUI-5.7.0\bin\listeners"/><property name="user.script" value=""/><property name="sun.management.compiler" value="HotSpot 64-Bit Tiered Compilers"/><property name="java.runtime.version" value="16.0.1+9-24"/><property name="user.name" value="gjacopin"/><property name="path.separator" value=";"/><property name="os.version" value="10.0"/><property name="java.runtime.name" value="OpenJDK Runtime Environment"/><property name="file.encoding" value="Cp1252"/><property name="soapui.ext.libraries" value="c:\Users\gjacopin\AppData\Local\Programs\SmartBear\SoapUI-5.7.0\bin\ext"/><property name="java.vm.name" value="OpenJDK 64-Bit Server VM"/><property name="java.vendor.url.bug" value="https://bugreport.java.com/bugreport/"/><property name="java.io.tmpdir" value="C:\Users\gjacopin\AppData\Local\Temp\"/><property name="java.version" value="16.0.1"/><property name="user.dir" value="C:\projet_soap_ui"/><property name="os.arch" value="amd64"/><property name="java.vm.specification.name" value="Java Virtual Machine Specification"/><property name="sun.os.patch.level" value=""/><property name="java.library.path" value="c:\Users\gjacopin\AppData\Local\Programs\SmartBear\SoapUI-5.7.0\jre\bin;C:\Windows\Sun\Java\bin;C:\Windows\system32;C:\Windows;c:\Users\gjacopin\AppData\Local\Programs\SmartBear\SoapUI-5.7.0\bin;C:\Users\gjacopin\Downloads\jdk-11.0.2\bin;C:\Program Files\Go\bin;C:\Users\gjacopin\Downloads\jre8\bin;C:\platforme-test\jdk-11\bin;C:\Program Files (x86)\Common Files\Oracle\Java\javapath;C:\Windows\system32;C:\Windows;C:\Windows\System32\Wbem;C:\Windows\System32\WindowsPowerShell\v1.0\;C:\Windows\System32\OpenSSH\;C:\Users\gjacopin\Downloads\jre8\bin;C:\Program Files\Docker\Docker\resources\bin;C:\php-8.0;C:\xampp\php;C:\composer;C:\Program Files\nodejs\;C:\Users\gjacopin\AppData\Local\Programs\Python\Python311\Scripts\;C:\Users\gjacopin\AppData\Local\Programs\Python\Python311\;C:\Users\gjacopin\AppData\Local\Microsoft\WindowsApps;C:\Users\gjacopin\go\bin;C:\Users\gjacopin\AppData\Local\Programs\Git\cmd;C:\Users\gjacopin\AppData\Roaming\npm;."/><property name="java.vm.info" value="mixed mode"/><property name="java.vendor" value="Oracle Corporation"/><property name="java.vm.version" value="16.0.1+9-24"/><property name="sun.io.unicode.encoding" value="UnicodeLittle"/><property name="soapui.ext.actions" value="c:\Users\gjacopin\AppData\Local\Programs\SmartBear\SoapUI-5.7.0\bin\actions"/><property name="java.class.version" value="60.0"/><property name="soapui.properties" value="soapui.properties"/></properties><testcase name="Add TestCase" time="0.174"/></testsuite>